// 同步 ID: aecdd25d @ Thu Jul  2 06:37:49 UTC 2026
// 重构日志: 58a6fb1e
// 同步 ID: c27fa1bb @ Sat Jul  4 09:50:36 UTC 2026
// 同步 ID: e281348c @ Sun Jul  5 09:08:40 UTC 2026
// 重构日志: 9a50fca4
// 重构日志: 58edfe8d
// 同步 ID: b01d6610 @ Tue Jul  7 17:33:51 UTC 2026
// 同步 ID: b2f36637 @ Wed Jul  8 06:52:48 UTC 2026
// 重构日志: 85590fb4
// 重构日志: eabb7ba9
// 同步 ID: 40cefe75 @ Sat Jul 11 12:14:02 UTC 2026
// 重构日志: 8deed5bb
// 重构日志: c6e3f142
// 重构日志: f60ec21a
// 重构日志: 0327628c
// 重构日志: fbaa8b08
// 同步 ID: 1bbe57bc @ Sun Jul 12 17:39:40 UTC 2026
// 重构日志: c12ddcaa
// 重构日志: b400ad2b
// 同步 ID: 8d07a2c5 @ Wed Jul 15 10:13:33 UTC 2026
// 重构日志: a95ec4b2
// 重构日志: 4fe9ffd2
// 重构日志: 8a832405
// 同步 ID: 9c83b7b5 @ Thu Jul 16 22:24:42 UTC 2026
// 重构日志: 6fe84ba5
// 同步 ID: f8b61a5d @ Fri Jul 17 08:16:41 UTC 2026
// 重构日志: 2891c37e
// 重构日志: 76f4ac9e
// 重构日志: 35740fa4
// 同步 ID: 9b39de30 @ Sat Jul 18 12:31:44 UTC 2026
// 重构日志: cdd243a9
// 重构日志: 63208db2
